<?xml version="1.0" encoding="UTF-8"?>
<!-- Generated by org.testng.reporters.JUnitXMLReporter -->
<testsuite hostname="DESKTOP-B853B57" ignored="3" name="restAssue" tests="5" failures="0" timestamp="2022-10-13T12:11:24 IST" time="14.189" errors="0">
  <testcase name="jsonObjecDemo" time="0.595" classname="com.sgtesting.restassuredinpeace.PojoToJsonDemo"/>
  <testcase name="jsonObjectDemo1" time="0.011" classname="com.sgtesting.restassuredinpeace.PojoToJsonDemo"/>
  <testcase name="jsonObjectDemo2" time="0.021" classname="com.sgtesting.restassuredinpeace.PojoToJsonDemo"/>
  <testcase name="sigInDemo" time="12.023" classname="com.sgtesting.restassuredinpeace.SiginDemoRest"/>
  <testcase name="getAllUser" time="1.323" classname="com.sgtesting.restassuredinpeace.SiginDemoRest"/>
  <testcase name="createUser" time="0.0" classname="com.sgtesting.restassuredinpeace.SiginDemoRest">
    <ignored/>
  </testcase> <!-- createUser -->
  <testcase name="editUser" time="0.0" classname="com.sgtesting.restassuredinpeace.SiginDemoRest">
    <ignored/>
  </testcase> <!-- editUser -->
  <testcase name="deleteUser" time="0.0" classname="com.sgtesting.restassuredinpeace.SiginDemoRest">
    <ignored/>
  </testcase> <!-- deleteUser -->
</testsuite> <!-- restAssue -->
