<?xml version="1.0" encoding="UTF-8"?>
<!-- Generated by org.testng.reporters.JUnitXMLReporter -->
<testsuite hostname="DESKTOP-B853B57" ignored="2" name="restassuredpojo1" tests="4" failures="0" timestamp="2022-10-13T12:11:29 IST" time="5.063" errors="0">
  <testcase name="sigInDemo" time="1.481" classname="com.sgtesting.restAssuredCompany.SiginCompany"/>
  <testcase name="getAllCompany" time="1.17" classname="com.sgtesting.restAssuredCompany.SiginCompany"/>
  <testcase name="getsingleCompany" time="1.232" classname="com.sgtesting.restAssuredCompany.SiginCompany"/>
  <testcase name="deleteCompany" time="1.134" classname="com.sgtesting.restAssuredCompany.SiginCompany"/>
  <testcase name="editCompany" time="0.0" classname="com.sgtesting.restAssuredCompany.SiginCompany">
    <ignored/>
  </testcase> <!-- editCompany -->
  <testcase name="createCompany" time="0.0" classname="com.sgtesting.restAssuredCompany.SiginCompany">
    <ignored/>
  </testcase> <!-- createCompany -->
</testsuite> <!-- restassuredpojo1 -->
